<?xml version="1.0" encoding="UTF-8"?>
<robot generator="Robot 3.1.1 (Python 3.7.2 on win32)" generated="20190312 13:41:07.504" rpa="false">
<suite id="s1" name="Amazon" source="C:\Users\yvake\PycharmProjects\05-first-script-files\first script\Tests\Amazon.robot">
<test id="s1-t1" name="User must sign in to check out">
<kw name="Open Browser" library="SeleniumLibrary">
<doc>Opens a new browser instance to the given ``url``.</doc>
<arguments>
<arg>http://www.asiaworld.cn.ua</arg>
<arg>chrome</arg>
</arguments>
<msg timestamp="20190312 13:41:07.734" level="INFO">Opening browser 'chrome' to base url 'http://www.asiaworld.cn.ua'.</msg>
<status status="PASS" starttime="20190312 13:41:07.734" endtime="20190312 13:41:44.052"></status>
</kw>
<kw name="Wait Until Page Contains" library="SeleniumLibrary">
<doc>Waits until ``text`` appears on current page.</doc>
<arguments>
<arg>Обратный звонок</arg>
</arguments>
<status status="PASS" starttime="20190312 13:41:44.053" endtime="20190312 13:41:44.131"></status>
</kw>
<kw name="Input Text" library="SeleniumLibrary">
<doc>Types the given ``text`` into text field identified by ``locator``.</doc>
<arguments>
<arg>xpath=//input[@class="form-control"]</arg>
<arg>macbook air</arg>
</arguments>
<msg timestamp="20190312 13:41:44.132" level="INFO">Typing text 'macbook air' into text field 'xpath=//input[@class="form-control"]'.</msg>
<status status="PASS" starttime="20190312 13:41:44.131" endtime="20190312 13:41:44.282"></status>
</kw>
<kw name="Click Button" library="SeleniumLibrary">
<doc>Clicks button identified by ``locator``.</doc>
<arguments>
<arg>xpath=//*[@id="full_search_form"]/span/button</arg>
</arguments>
<msg timestamp="20190312 13:41:44.283" level="INFO">Clicking button 'xpath=//*[@id="full_search_form"]/span/button'.</msg>
<status status="PASS" starttime="20190312 13:41:44.283" endtime="20190312 13:41:47.360"></status>
</kw>
<kw name="Wait Until Page Contains" library="SeleniumLibrary">
<doc>Waits until ``text`` appears on current page.</doc>
<arguments>
<arg>Результаты поиска «macbook air»</arg>
</arguments>
<status status="PASS" starttime="20190312 13:41:47.361" endtime="20190312 13:41:47.427"></status>
</kw>
<kw name="Click Link" library="SeleniumLibrary">
<doc>Clicks a link identified by ``locator``.</doc>
<arguments>
<arg>xpath=/html/body/div[4]/div/div/div[3]/div[2]/div[1]/div[1]/div/div/a</arg>
</arguments>
<msg timestamp="20190312 13:41:47.428" level="INFO">Clicking link 'xpath=/html/body/div[4]/div/div/div[3]/div[2]/div[1]/div[1]/div/div/a'.</msg>
<status status="PASS" starttime="20190312 13:41:47.428" endtime="20190312 13:41:47.534"></status>
</kw>
<kw name="Sleep" library="BuiltIn">
<doc>Pauses the test executed for the given time.</doc>
<arguments>
<arg>3s</arg>
</arguments>
<msg timestamp="20190312 13:41:50.541" level="INFO">Slept 3 seconds</msg>
<status status="PASS" starttime="20190312 13:41:47.540" endtime="20190312 13:41:50.541"></status>
</kw>
<kw name="Close Browser" library="SeleniumLibrary">
<doc>Closes the current browser.</doc>
<status status="PASS" starttime="20190312 13:41:50.542" endtime="20190312 13:41:53.163"></status>
</kw>
<doc>This is some basic info about the test</doc>
<tags>
<tag>Smoke</tag>
</tags>
<status status="PASS" starttime="20190312 13:41:07.733" endtime="20190312 13:41:53.164" critical="yes"></status>
</test>
<doc>This is some basic info about the whole suite</doc>
<status status="PASS" starttime="20190312 13:41:07.510" endtime="20190312 13:41:53.168"></status>
</suite>
<statistics>
<total>
<stat pass="1" fail="0">Critical Tests</stat>
<stat pass="1" fail="0">All Tests</stat>
</total>
<tag>
<stat pass="1" fail="0">Smoke</stat>
</tag>
<suite>
<stat pass="1" fail="0" id="s1" name="Amazon">Amazon</stat>
</suite>
</statistics>
<errors>
</errors>
</robot>
