<?xml version="1.0" encoding="UTF-8"?>
<robot generator="Robot 3.1.1 (Python 3.7.0 on win32)" generated="20190226 23:11:56.764" rpa="false">
<suite id="s1" name="Amazon" source="C:\Users\User\Downloads\05-first-script-files\first script\Tests\amazon.robot">
<test id="s1-t1" name="User must sign in to check out">
<kw name="Open Browser" library="SeleniumLibrary">
<doc>Opens a new browser instance to the given ``url``.</doc>
<arguments>
<arg>http://www.asiaworld.cn.ua</arg>
<arg>ie</arg>
</arguments>
<msg timestamp="20190226 23:11:57.089" level="INFO">Opening browser 'ie' to base url 'http://www.asiaworld.cn.ua'.</msg>
<status status="PASS" starttime="20190226 23:11:57.089" endtime="20190226 23:12:04.465"></status>
</kw>
<kw name="Sleep" library="BuiltIn">
<doc>Pauses the test executed for the given time.</doc>
<arguments>
<arg>3s</arg>
</arguments>
<msg timestamp="20190226 23:12:07.469" level="INFO">Slept 3 seconds</msg>
<status status="PASS" starttime="20190226 23:12:04.466" endtime="20190226 23:12:07.469"></status>
</kw>
<kw name="Close Browser" library="SeleniumLibrary">
<doc>Closes the current browser.</doc>
<status status="PASS" starttime="20190226 23:12:07.469" endtime="20190226 23:12:10.483"></status>
</kw>
<doc>This is some basic info about the test</doc>
<tags>
<tag>Smoke</tag>
</tags>
<status status="PASS" starttime="20190226 23:11:57.088" endtime="20190226 23:12:10.484" critical="yes"></status>
</test>
<doc>This is some basic info about the whole suite</doc>
<status status="PASS" starttime="20190226 23:11:56.768" endtime="20190226 23:12:10.485"></status>
</suite>
<statistics>
<total>
<stat pass="1" fail="0">Critical Tests</stat>
<stat pass="1" fail="0">All Tests</stat>
</total>
<tag>
<stat pass="1" fail="0">Smoke</stat>
</tag>
<suite>
<stat pass="1" fail="0" id="s1" name="Amazon">Amazon</stat>
</suite>
</statistics>
<errors>
</errors>
</robot>
